.\Debug\AutoSetToLocalAnsiCodePage.pdb
E:\反汇编工具\IDA\idasdk68\plugins\AutoSetToLocalAnsiCodePage\.\Debug\AutoSetToLocalAnsiCodePage.dll.intermediate.manifest
E:\反汇编工具\IDA\IDASDK68\PLUGINS\AUTOSETTOLOCALANSICODEPAGE\DEBUG\AUTOSETTOLOCALANSICODEPAGE.DLL.EMBED.MANIFEST
E:\反汇编工具\IDA\IDASDK68\PLUGINS\AUTOSETTOLOCALANSICODEPAGE\DEBUG\AUTOSETTOLOCALANSICODEPAGE.DLL.EMBED.MANIFEST.RES
E:\反汇编工具\IDA\idasdk68\plugins\AutoSetToLocalAnsiCodePage\Debug\AutoSetToLocalAnsiCodePage.dll.intermediate.manifest
E:\反汇编工具\IDA\idasdk68\plugins\AutoSetToLocalAnsiCodePage\Debug\AutoSetToLocalAnsiCodePage.exp
E:\反汇编工具\IDA\idasdk68\plugins\AutoSetToLocalAnsiCodePage\Debug\AutoSetToLocalAnsiCodePage.lib
E:\反汇编工具\IDA\idasdk68\plugins\AutoSetToLocalAnsiCodePage\Debug\AutoSetToLocalAnsiCodePage.pdb
E:\反汇编工具\IDA\idasdk68\plugins\AutoSetToLocalAnsiCodePage\Debug\AutoSetToLocalAnsiCodePage.write.1.tlog
E:\反汇编工具\IDA\idasdk68\plugins\AutoSetToLocalAnsiCodePage\Debug\AutoSetToLocalAnsiCodePage_manifest.rc
E:\反汇编工具\IDA\idasdk68\plugins\AutoSetToLocalAnsiCodePage\Debug\cl.command.1.tlog
E:\反汇编工具\IDA\idasdk68\plugins\AutoSetToLocalAnsiCodePage\Debug\CL.read.1.tlog
E:\反汇编工具\IDA\idasdk68\plugins\AutoSetToLocalAnsiCodePage\Debug\CL.write.1.tlog
E:\反汇编工具\IDA\IDASDK68\PLUGINS\AUTOSETTOLOCALANSICODEPAGE\DEBUG\IDAREVERSEENGINEERINGCODE.OBJ
E:\反汇编工具\IDA\idasdk68\plugins\AutoSetToLocalAnsiCodePage\Debug\link.2044.read.1.tlog
E:\反汇编工具\IDA\idasdk68\plugins\AutoSetToLocalAnsiCodePage\Debug\link.2044.write.1.tlog
E:\反汇编工具\IDA\idasdk68\plugins\AutoSetToLocalAnsiCodePage\Debug\link.2044-cvtres.read.1.tlog
E:\反汇编工具\IDA\idasdk68\plugins\AutoSetToLocalAnsiCodePage\Debug\link.2044-cvtres.write.1.tlog
E:\反汇编工具\IDA\idasdk68\plugins\AutoSetToLocalAnsiCodePage\Debug\link.7008.read.1.tlog
E:\反汇编工具\IDA\idasdk68\plugins\AutoSetToLocalAnsiCodePage\Debug\link.7008.write.1.tlog
E:\反汇编工具\IDA\idasdk68\plugins\AutoSetToLocalAnsiCodePage\Debug\link.7008-cvtres.read.1.tlog
E:\反汇编工具\IDA\idasdk68\plugins\AutoSetToLocalAnsiCodePage\Debug\link.7008-cvtres.write.1.tlog
E:\反汇编工具\IDA\idasdk68\plugins\AutoSetToLocalAnsiCodePage\Debug\link.command.1.tlog
E:\反汇编工具\IDA\idasdk68\plugins\AutoSetToLocalAnsiCodePage\Debug\link.read.1.tlog
E:\反汇编工具\IDA\idasdk68\plugins\AutoSetToLocalAnsiCodePage\Debug\link.write.1.tlog
E:\反汇编工具\IDA\idasdk68\plugins\AutoSetToLocalAnsiCodePage\Debug\link-cvtres.read.1.tlog
E:\反汇编工具\IDA\idasdk68\plugins\AutoSetToLocalAnsiCodePage\Debug\link-cvtres.write.1.tlog
E:\反汇编工具\IDA\idasdk68\plugins\AutoSetToLocalAnsiCodePage\Debug\mt.command.1.tlog
E:\反汇编工具\IDA\idasdk68\plugins\AutoSetToLocalAnsiCodePage\Debug\mt.read.1.tlog
E:\反汇编工具\IDA\idasdk68\plugins\AutoSetToLocalAnsiCodePage\Debug\mt.write.1.tlog
E:\反汇编工具\IDA\idasdk68\plugins\AutoSetToLocalAnsiCodePage\Debug\rc.command.1.tlog
E:\反汇编工具\IDA\idasdk68\plugins\AutoSetToLocalAnsiCodePage\Debug\rc.read.1.tlog
E:\反汇编工具\IDA\idasdk68\plugins\AutoSetToLocalAnsiCodePage\Debug\rc.write.1.tlog
E:\反汇编工具\IDA\IDASDK68\PLUGINS\AUTOSETTOLOCALANSICODEPAGE\DEBUG\STRINGS.OBJ
E:\反汇编工具\IDA\idasdk68\plugins\AutoSetToLocalAnsiCodePage\Debug\vc100.idb
E:\反汇编工具\IDA\IDASDK68\PLUGINS\AUTOSETTOLOCALANSICODEPAGE\DEBUG\VC100.PDB
