生成启动时间为 2016/5/14 5:15:37。
     1>项目“E:\反汇编工具\IDA\idasdk68\plugins\AutoSetToLocalAnsiCodePage\AutoSetToLocalAnsiCodePage.vcxproj”在节点 2 上(rebuild 个目标)。
     1>_PrepareForClean:
         正在删除文件“.\Debug\AutoSetToLocalAnsiCodePage.lastbuildstate”。
       InitializeBuildStatus:
         正在对“.\Debug\AutoSetToLocalAnsiCodePage.unsuccessfulbuild”执行 Touch 任务。
       ClCompile:
         D:\Program Files (x86)\Microsoft Visual Studio 10.0\VC\bin\CL.exe /c /I..\..\include /I"G:\CPP_BOOKS\DEV_PACKS\icu\icu4c-57_1-src\icu\include" /I"G:\Open_Code\enca-master\lib" /I"G:\Open_Code\libchardet-master\src" /I"G:\Open_Code\libchardet-master\include" /ZI /nologo /W3 /WX- /Od /Oy- /D _DEBUG /D __NT__ /D __IDP__ /D MAXSTR=1024 /D WIN32 /D _WINDOWS /D _USRDLL /D _VC80_UPGRADE=0x0600 /D _WINDLL /D _MBCS /Gm /EHsc /RTC1 /MDd /GS /fp:precise /Zc:wchar_t /Zc:forScope /Fo".\Debug/" /Fd".\Debug/vc100.pdb" /Gz /TP /analyze- /errorReport:prompt IdaReverseEngineeringCode.cpp
         IdaReverseEngineeringCode.cpp
         D:\Program Files (x86)\Microsoft Visual Studio 10.0\VC\bin\CL.exe /c /I..\..\include /I"G:\CPP_BOOKS\DEV_PACKS\icu\icu4c-57_1-src\icu\include" /I"G:\Open_Code\enca-master\lib" /I"G:\Open_Code\libchardet-master\src" /I"G:\Open_Code\libchardet-master\include" /ZI /nologo /W3 /WX- /Od /Oy- /D __WIN32__ /D _DEBUG /D __NT__ /D __IDP__ /D MAXSTR=1024 /D WIN32 /D _WINDOWS /D _USRDLL /D _VC80_UPGRADE=0x0600 /D _WINDLL /D _MBCS /Gm /EHsc /RTC1 /MDd /GS /fp:precise /Zc:wchar_t /Zc:forScope /Fo".\Debug/" /Fd".\Debug/vc100.pdb" /Gz /TP /analyze- /errorReport:prompt STRINGS.CPP
         STRINGS.CPP
       ManifestResourceCompile:
         C:\Program Files (x86)\Microsoft SDKs\Windows\v7.0A\bin\rc.exe /nologo /fo".\Debug\AutoSetToLocalAnsiCodePage.dll.embed.manifest.res" .\Debug\AutoSetToLocalAnsiCodePage_manifest.rc 
     1>C:\Program Files (x86)\MSBuild\Microsoft.Cpp\v4.0\Microsoft.CppBuild.targets(990,5): warning MSB8012: TargetPath(E:\反汇编工具\IDA\idasdk68\plugins\AutoSetToLocalAnsiCodePage\.\Debug\AutoSetToLocalAnsiCodePage.dll) 与 Linker 的 OutputFile 属性值(D:\Program Files (x86)\IDA 6.8\plugins\AutoSetToLocalAnsiCodePage.plw)不匹配。这可能导致项目生成不正确。若要更正此问题，请确保 $(OutDir)、$(TargetName) 和 $(TargetExt) 属性值与 %(Link.OutputFile) 中指定的值匹配。
     1>C:\Program Files (x86)\MSBuild\Microsoft.Cpp\v4.0\Microsoft.CppBuild.targets(991,5): warning MSB8012: TargetExt(.dll) 与 Linker 的 OutputFile 属性值(.plw)不匹配。这可能导致项目生成不正确。若要更正此问题，请确保 $(OutDir)、$(TargetName) 和 $(TargetExt) 属性值与 %(Link.OutputFile) 中指定的值匹配。
       Link:
         D:\Program Files (x86)\Microsoft Visual Studio 10.0\VC\bin\link.exe /ERRORREPORT:PROMPT /OUT:"D:\Program Files (x86)\IDA 6.8/plugins/AutoSetToLocalAnsiCodePage.plw" /INCREMENTAL /NOLOGO /LIBPATH:..\..\lib\x86_win_vc_32 /LIBPATH:"G:\CPP_BOOKS\DEV_PACKS\icu\icu4c-57_1-src\icu\lib" ida.lib icuucd.lib icuind.lib kernel32.lib user32.lib gdi32.lib winspool.lib comdlg32.lib advapi32.lib shell32.lib ole32.lib oleaut32.lib uuid.lib odbc32.lib odbccp32.lib /MANIFEST /ManifestFile:".\Debug\AutoSetToLocalAnsiCodePage.dll.intermediate.manifest" /MANIFESTUAC:"level='asInvoker' uiAccess='false'" /DEBUG /PDB:".\Debug/AutoSetToLocalAnsiCodePage.pdb" /TLBID:1 /DYNAMICBASE:NO /IMPLIB:".\Debug/AutoSetToLocalAnsiCodePage.lib" /MACHINE:X86 /DLL .\Debug\AutoSetToLocalAnsiCodePage.dll.embed.manifest.res
         .\Debug/IdaReverseEngineeringCode.obj
         .\Debug/STRINGS.obj /export:PLUGIN 
            正在创建库 .\Debug/AutoSetToLocalAnsiCodePage.lib 和对象 .\Debug/AutoSetToLocalAnsiCodePage.exp
       Manifest:
         正在删除文件“.\Debug\AutoSetToLocalAnsiCodePage.dll.embed.manifest”。
         C:\Program Files (x86)\Microsoft SDKs\Windows\v7.0A\bin\mt.exe /nologo /verbose /out:".\Debug\AutoSetToLocalAnsiCodePage.dll.embed.manifest" /manifest .\Debug\AutoSetToLocalAnsiCodePage.dll.intermediate.manifest
         C:\Program Files (x86)\Microsoft SDKs\Windows\v7.0A\bin\rc.exe /nologo /fo".\Debug\AutoSetToLocalAnsiCodePage.dll.embed.manifest.res" .\Debug\AutoSetToLocalAnsiCodePage_manifest.rc 
       LinkEmbedManifest:
         D:\Program Files (x86)\Microsoft Visual Studio 10.0\VC\bin\link.exe /ERRORREPORT:PROMPT /OUT:"D:\Program Files (x86)\IDA 6.8/plugins/AutoSetToLocalAnsiCodePage.plw" /INCREMENTAL /NOLOGO /LIBPATH:..\..\lib\x86_win_vc_32 /LIBPATH:"G:\CPP_BOOKS\DEV_PACKS\icu\icu4c-57_1-src\icu\lib" ida.lib icuucd.lib icuind.lib kernel32.lib user32.lib gdi32.lib winspool.lib comdlg32.lib advapi32.lib shell32.lib ole32.lib oleaut32.lib uuid.lib odbc32.lib odbccp32.lib /MANIFEST /ManifestFile:".\Debug\AutoSetToLocalAnsiCodePage.dll.intermediate.manifest" /MANIFESTUAC:"level='asInvoker' uiAccess='false'" /DEBUG /PDB:".\Debug/AutoSetToLocalAnsiCodePage.pdb" /TLBID:1 /DYNAMICBASE:NO /IMPLIB:".\Debug/AutoSetToLocalAnsiCodePage.lib" /MACHINE:X86 /DLL .\Debug\AutoSetToLocalAnsiCodePage.dll.embed.manifest.res
         .\Debug/IdaReverseEngineeringCode.obj
         .\Debug/STRINGS.obj /export:PLUGIN 
            正在创建库 .\Debug/AutoSetToLocalAnsiCodePage.lib 和对象 .\Debug/AutoSetToLocalAnsiCodePage.exp
         AutoSetToLocalAnsiCodePage.vcxproj -> E:\反汇编工具\IDA\idasdk68\plugins\AutoSetToLocalAnsiCodePage\.\Debug\AutoSetToLocalAnsiCodePage.dll
       FinalizeBuildStatus:
         正在删除文件“.\Debug\AutoSetToLocalAnsiCodePage.unsuccessfulbuild”。
         正在对“.\Debug\AutoSetToLocalAnsiCodePage.lastbuildstate”执行 Touch 任务。
     1>已完成生成项目“E:\反汇编工具\IDA\idasdk68\plugins\AutoSetToLocalAnsiCodePage\AutoSetToLocalAnsiCodePage.vcxproj”(rebuild 个目标)的操作。

生成成功。

已用时间 00:00:02.49
