E:\反汇编工具\IDA\idasdk68\plugins\AutoSetToLocalAnsiCodePage\.\Debug_X64\AutoSetToLocalAnsiCodePage.dll.intermediate.manifest
E:\反汇编工具\IDA\idasdk68\plugins\AutoSetToLocalAnsiCodePage\Debug\AutoSetToLocalAnsiCodePage.exp
E:\反汇编工具\IDA\idasdk68\plugins\AutoSetToLocalAnsiCodePage\Debug\AutoSetToLocalAnsiCodePage.lib
E:\反汇编工具\IDA\IDASDK68\PLUGINS\AUTOSETTOLOCALANSICODEPAGE\DEBUG\IDAREVERSEENGINEERINGCODE.OBJ
E:\反汇编工具\IDA\IDASDK68\PLUGINS\AUTOSETTOLOCALANSICODEPAGE\DEBUG\STRINGS.OBJ
E:\反汇编工具\IDA\IDASDK68\PLUGINS\AUTOSETTOLOCALANSICODEPAGE\DEBUG\VC100.PDB
E:\反汇编工具\IDA\IDASDK68\PLUGINS\AUTOSETTOLOCALANSICODEPAGE\DEBUG_X64\AUTOSETTOLOCALANSICODEPAGE.DLL.EMBED.MANIFEST
E:\反汇编工具\IDA\IDASDK68\PLUGINS\AUTOSETTOLOCALANSICODEPAGE\DEBUG_X64\AUTOSETTOLOCALANSICODEPAGE.DLL.EMBED.MANIFEST.RES
E:\反汇编工具\IDA\idasdk68\plugins\AutoSetToLocalAnsiCodePage\Debug_X64\AutoSetToLocalAnsiCodePage.dll.intermediate.manifest
E:\反汇编工具\IDA\idasdk68\plugins\AutoSetToLocalAnsiCodePage\Debug_X64\AutoSetToLocalAnsiCodePage.vcxprojResolveAssemblyReference.cache
E:\反汇编工具\IDA\idasdk68\plugins\AutoSetToLocalAnsiCodePage\Debug_X64\AutoSetToLocalAnsiCodePage.write.1.tlog
E:\反汇编工具\IDA\idasdk68\plugins\AutoSetToLocalAnsiCodePage\Debug_X64\AutoSetToLocalAnsiCodePage_manifest.rc
E:\反汇编工具\IDA\idasdk68\plugins\AutoSetToLocalAnsiCodePage\Debug_X64\cl.command.1.tlog
E:\反汇编工具\IDA\idasdk68\plugins\AutoSetToLocalAnsiCodePage\Debug_X64\CL.read.1.tlog
E:\反汇编工具\IDA\idasdk68\plugins\AutoSetToLocalAnsiCodePage\Debug_X64\CL.write.1.tlog
E:\反汇编工具\IDA\idasdk68\plugins\AutoSetToLocalAnsiCodePage\Debug_X64\link.6980.read.1.tlog
E:\反汇编工具\IDA\idasdk68\plugins\AutoSetToLocalAnsiCodePage\Debug_X64\link.6980.write.1.tlog
E:\反汇编工具\IDA\idasdk68\plugins\AutoSetToLocalAnsiCodePage\Debug_X64\link.6980-cvtres.read.1.tlog
E:\反汇编工具\IDA\idasdk68\plugins\AutoSetToLocalAnsiCodePage\Debug_X64\link.6980-cvtres.write.1.tlog
E:\反汇编工具\IDA\idasdk68\plugins\AutoSetToLocalAnsiCodePage\Debug_X64\link.command.1.tlog
E:\反汇编工具\IDA\idasdk68\plugins\AutoSetToLocalAnsiCodePage\Debug_X64\link.read.1.tlog
E:\反汇编工具\IDA\idasdk68\plugins\AutoSetToLocalAnsiCodePage\Debug_X64\link.write.1.tlog
E:\反汇编工具\IDA\idasdk68\plugins\AutoSetToLocalAnsiCodePage\Debug_X64\link-cvtres.read.1.tlog
E:\反汇编工具\IDA\idasdk68\plugins\AutoSetToLocalAnsiCodePage\Debug_X64\link-cvtres.write.1.tlog
E:\反汇编工具\IDA\idasdk68\plugins\AutoSetToLocalAnsiCodePage\Debug_X64\mt.command.1.tlog
E:\反汇编工具\IDA\idasdk68\plugins\AutoSetToLocalAnsiCodePage\Debug_X64\mt.read.1.tlog
E:\反汇编工具\IDA\idasdk68\plugins\AutoSetToLocalAnsiCodePage\Debug_X64\mt.write.1.tlog
E:\反汇编工具\IDA\idasdk68\plugins\AutoSetToLocalAnsiCodePage\Debug_X64\rc.command.1.tlog
E:\反汇编工具\IDA\idasdk68\plugins\AutoSetToLocalAnsiCodePage\Debug_X64\rc.read.1.tlog
E:\反汇编工具\IDA\idasdk68\plugins\AutoSetToLocalAnsiCodePage\Debug_X64\rc.write.1.tlog
